{
  "stats": {
    "suites": 1,
    "tests": 3,
    "passes": 3,
    "pending": 0,
    "failures": 0,
    "start": "2021-09-28T19:37:49.459Z",
    "end": "2021-09-28T19:37:55.720Z",
    "duration": 6261,
    "testsRegistered": 3,
    "passPercent": 100,
    "pendingPercent": 0,
    "other": 0,
    "hasOther": false,
    "skipped": 0,
    "hasSkipped": false
  },
  "results": [
    {
      "uuid": "2863c025-e9c1-48a9-b1c6-dee068e8bf13",
      "title": "",
      "fullFile": "cypress/integration/verifyToDoScenario.spec.js",
      "file": "cypress/integration/verifyToDoScenario.spec.js",
      "beforeHooks": [],
      "afterHooks": [],
      "tests": [],
      "suites": [
        {
          "uuid": "adb7deeb-951d-419e-aaca-e5cf255130eb",
          "title": "Verify To Do Scenario",
          "fullFile": "",
          "file": "",
          "beforeHooks": [],
          "afterHooks": [],
          "tests": [
            {
              "title": "Verify user can enter values in Input box",
              "fullTitle": "Verify To Do Scenario Verify user can enter values in Input box",
              "timedOut": null,
              "duration": 3131,
              "state": "passed",
              "speed": "slow",
              "pass": true,
              "fail": false,
              "pending": false,
              "context": null,
              "code": "",
              "err": {},
              "uuid": "db8cceea-fe2b-425e-b943-346227249162",
              "parentUUID": "adb7deeb-951d-419e-aaca-e5cf255130eb",
              "isHook": false,
              "skipped": false
            },
            {
              "title": "Complete task by click on radio button",
              "fullTitle": "Verify To Do Scenario Complete task by click on radio button",
              "timedOut": null,
              "duration": 411,
              "state": "passed",
              "speed": "slow",
              "pass": true,
              "fail": false,
              "pending": false,
              "context": null,
              "code": "",
              "err": {},
              "uuid": "d4cfaaf7-63e0-451d-baf2-9832c7d55364",
              "parentUUID": "adb7deeb-951d-419e-aaca-e5cf255130eb",
              "isHook": false,
              "skipped": false
            },
            {
              "title": "Verify task in completed list ",
              "fullTitle": "Verify To Do Scenario Verify task in completed list ",
              "timedOut": null,
              "duration": 171,
              "state": "passed",
              "speed": "slow",
              "pass": true,
              "fail": false,
              "pending": false,
              "context": null,
              "code": "",
              "err": {},
              "uuid": "aba0b7e0-9d75-4c99-b0e7-70c2ed371118",
              "parentUUID": "adb7deeb-951d-419e-aaca-e5cf255130eb",
              "isHook": false,
              "skipped": false
            }
          ],
          "suites": [],
          "passes": [
            "db8cceea-fe2b-425e-b943-346227249162",
            "d4cfaaf7-63e0-451d-baf2-9832c7d55364",
            "aba0b7e0-9d75-4c99-b0e7-70c2ed371118"
          ],
          "failures": [],
          "pending": [],
          "skipped": [],
          "duration": 3713,
          "root": false,
          "rootEmpty": false,
          "_timeout": 2000
        }
      ],
      "passes": [],
      "failures": [],
      "pending": [],
      "skipped": [],
      "duration": 0,
      "root": true,
      "rootEmpty": true,
      "_timeout": 2000
    }
  ],
  "meta": {
    "mocha": {
      "version": "7.0.1"
    },
    "mochawesome": {
      "options": {
        "quiet": false,
        "reportFilename": "mochawesome",
        "saveHtml": true,
        "saveJson": true,
        "consoleReporter": "spec",
        "useInlineDiffs": false,
        "code": false
      },
      "version": "6.2.2"
    },
    "marge": {
      "options": {
        "reportDir": "cypress/mocha",
        "code": false,
        "overwrite": false,
        "html": true,
        "json": true,
        "charts": true
      },
      "version": "5.2.0"
    }
  }
}